[0922/123425.283:ERROR:audio_rtp_receiver.cc(89)] AudioRtpReceiver::OnSetVolume: No audio channel exists.
[0922/123425.283:WARNING:used_ids.h(55)] Duplicate id found. Reassigning from 104 to 127
[0922/123425.283:WARNING:used_ids.h(55)] Duplicate id found. Reassigning from 102 to 125
[0922/123425.283:WARNING:used_ids.h(55)] Duplicate id found. Reassigning from 104 to 124
[0922/123425.283:WARNING:used_ids.h(55)] Duplicate id found. Reassigning from 106 to 123
[0922/123425.283:WARNING:used_ids.h(55)] Duplicate id found. Reassigning from 103 to 122
[0922/123425.283:WARNING:used_ids.h(55)] Duplicate id found. Reassigning from 105 to 121
[0922/123425.283:WARNING:used_ids.h(55)] Duplicate id found. Reassigning from 109 to 120
[0922/123425.284:WARNING:used_ids.h(55)] Duplicate id found. Reassigning from 1 to 14
[0922/123425.284:WARNING:used_ids.h(55)] Duplicate id found. Reassigning from 3 to 13
[0922/123425.284:WARNING:used_ids.h(55)] Duplicate id found. Reassigning from 5 to 12
[0922/123425.284:WARNING:used_ids.h(55)] Duplicate id found. Reassigning from 6 to 11
[0922/123526.056:ERROR:audio_rtp_receiver.cc(89)] AudioRtpReceiver::OnSetVolume: No audio channel exists.
[0922/123526.056:WARNING:used_ids.h(55)] Duplicate id found. Reassigning from 104 to 127
[0922/123526.056:WARNING:used_ids.h(55)] Duplicate id found. Reassigning from 102 to 125
[0922/123526.056:WARNING:used_ids.h(55)] Duplicate id found. Reassigning from 104 to 124
[0922/123526.056:WARNING:used_ids.h(55)] Duplicate id found. Reassigning from 106 to 123
[0922/123526.056:WARNING:used_ids.h(55)] Duplicate id found. Reassigning from 103 to 122
[0922/123526.056:WARNING:used_ids.h(55)] Duplicate id found. Reassigning from 105 to 121
[0922/123526.056:WARNING:used_ids.h(55)] Duplicate id found. Reassigning from 109 to 120
[0922/123526.056:WARNING:used_ids.h(55)] Duplicate id found. Reassigning from 1 to 14
[0922/123526.056:WARNING:used_ids.h(55)] Duplicate id found. Reassigning from 3 to 13
[0922/123526.056:WARNING:used_ids.h(55)] Duplicate id found. Reassigning from 5 to 12
[0922/123526.056:WARNING:used_ids.h(55)] Duplicate id found. Reassigning from 6 to 11
[0922/123557.111:ERROR:batching_media_log.cc(38)] MediaEvent: {"error":"FFmpegDemuxer: no supported streams"}
[0922/123557.111:ERROR:batching_media_log.cc(38)] MediaEvent: {"error":"FFmpegDemuxer: no supported streams"}
[0922/123557.111:ERROR:batching_media_log.cc(35)] MediaEvent: {"pipeline_error":14}
[0922/123557.111:ERROR:batching_media_log.cc(35)] MediaEvent: {"pipeline_error":14}
[1010/125847.430:WARNING:storage_block-inl.h(146)] Failed data load.
[1010/125847.445:WARNING:storage_block-inl.h(146)] Failed data load.
[1010/125847.445:WARNING:storage_block-inl.h(146)] Failed data load.
[1010/125848.027:WARNING:storage_block-inl.h(146)] Failed data load.
[1010/125848.034:WARNING:storage_block-inl.h(146)] Failed data load.
[1010/125848.097:WARNING:storage_block-inl.h(146)] Failed data load.
[1010/125848.097:WARNING:storage_block-inl.h(146)] Failed data load.
[1010/125848.097:WARNING:storage_block-inl.h(146)] Failed data load.
[1010/125848.097:WARNING:storage_block-inl.h(146)] Failed data load.
[1010/125848.098:WARNING:storage_block-inl.h(146)] Failed data load.
[1010/125848.098:WARNING:storage_block-inl.h(146)] Failed data load.
[1010/125848.098:WARNING:storage_block-inl.h(146)] Failed data load.
[1010/125848.098:WARNING:storage_block-inl.h(146)] Failed data load.
[1010/125848.098:WARNING:storage_block-inl.h(146)] Failed data load.
[1010/125848.098:WARNING:storage_block-inl.h(146)] Failed data load.
[1010/125848.098:WARNING:storage_block-inl.h(146)] Failed data load.
[1010/125848.098:WARNING:storage_block-inl.h(146)] Failed data load.
[1010/125848.099:WARNING:storage_block-inl.h(146)] Failed data load.
[1010/125848.099:WARNING:storage_block-inl.h(146)] Failed data load.
[1010/125848.099:WARNING:storage_block-inl.h(146)] Failed data load.
[1010/125848.100:WARNING:storage_block-inl.h(146)] Failed data load.
[1010/125848.100:WARNING:storage_block-inl.h(146)] Failed data load.
[1010/125848.100:WARNING:storage_block-inl.h(146)] Failed data load.
[1010/125848.128:WARNING:storage_block-inl.h(146)] Failed data load.
[1010/125848.129:WARNING:storage_block-inl.h(146)] Failed data load.
[1010/125848.139:WARNING:storage_block-inl.h(146)] Failed data load.
[1010/125848.140:WARNING:storage_block-inl.h(146)] Failed data load.
[1010/125848.200:WARNING:storage_block-inl.h(146)] Failed data load.
[1010/125848.201:WARNING:storage_block-inl.h(146)] Failed data load.
[1010/125848.201:WARNING:storage_block-inl.h(146)] Failed data load.
[1010/125848.202:WARNING:storage_block-inl.h(146)] Failed data load.
[1010/125848.202:WARNING:storage_block-inl.h(146)] Failed data load.
[1010/125848.218:WARNING:storage_block-inl.h(146)] Failed data load.
[1010/125848.219:WARNING:storage_block-inl.h(146)] Failed data load.
[1010/125848.219:WARNING:storage_block-inl.h(146)] Failed data load.
[1010/125848.220:WARNING:storage_block-inl.h(146)] Failed data load.
[1010/125848.222:WARNING:storage_block-inl.h(146)] Failed data load.
[1010/125848.223:WARNING:storage_block-inl.h(146)] Failed data load.
[1010/125848.224:WARNING:storage_block-inl.h(146)] Failed data load.
[1010/125848.225:WARNING:storage_block-inl.h(146)] Failed data load.
[1010/125848.227:WARNING:storage_block-inl.h(146)] Failed data load.
[1010/125848.228:WARNING:storage_block-inl.h(146)] Failed data load.
[1010/125848.628:WARNING:storage_block-inl.h(146)] Failed data load.
[1010/125848.632:WARNING:storage_block-inl.h(146)] Failed data load.
[1010/125849.699:WARNING:storage_block-inl.h(146)] Failed data load.
[1010/125849.699:WARNING:storage_block-inl.h(146)] Failed data load.
[1010/125849.700:WARNING:storage_block-inl.h(146)] Failed data load.
[1010/125849.701:WARNING:storage_block-inl.h(146)] Failed data load.
[1010/125849.988:WARNING:storage_block-inl.h(146)] Failed data load.
[1010/125849.989:WARNING:storage_block-inl.h(146)] Failed data load.
[1010/125850.291:WARNING:storage_block-inl.h(146)] Failed data load.
[1010/125850.396:WARNING:storage_block-inl.h(146)] Failed data load.
[1010/125850.396:WARNING:storage_block-inl.h(146)] Failed data load.
[1010/125850.396:WARNING:storage_block-inl.h(146)] Failed data load.
[1010/125850.397:WARNING:storage_block-inl.h(146)] Failed data load.
[1010/125850.411:WARNING:storage_block-inl.h(146)] Failed data load.
[1010/125850.420:WARNING:storage_block-inl.h(146)] Failed data load.
[1010/125850.425:WARNING:storage_block-inl.h(146)] Failed data load.
[1010/125850.438:WARNING:storage_block-inl.h(146)] Failed data load.
[1010/125850.448:WARNING:storage_block-inl.h(146)] Failed data load.
[1010/125850.457:WARNING:storage_block-inl.h(146)] Failed data load.
[1010/125850.462:WARNING:storage_block-inl.h(146)] Failed data load.
[1010/125850.467:WARNING:storage_block-inl.h(146)] Failed data load.
[1010/125850.472:WARNING:storage_block-inl.h(146)] Failed data load.
[1010/125850.482:WARNING:storage_block-inl.h(146)] Failed data load.
[1010/125850.482:WARNING:storage_block-inl.h(146)] Failed data load.
[1010/125850.489:WARNING:storage_block-inl.h(146)] Failed data load.
[1010/125850.489:WARNING:storage_block-inl.h(146)] Failed data load.
[1010/125850.498:WARNING:storage_block-inl.h(146)] Failed data load.
[1010/125850.501:WARNING:storage_block-inl.h(146)] Failed data load.
[1010/125850.504:WARNING:storage_block-inl.h(146)] Failed data load.
[1010/125850.506:WARNING:storage_block-inl.h(146)] Failed data load.
[1010/125850.506:WARNING:storage_block-inl.h(146)] Failed data load.
[1010/125850.511:WARNING:storage_block-inl.h(146)] Failed data load.
[1010/125850.521:WARNING:storage_block-inl.h(146)] Failed data load.
[1010/125850.524:WARNING:storage_block-inl.h(146)] Failed data load.
[1010/125850.580:WARNING:storage_block-inl.h(146)] Failed data load.
[1010/125850.581:WARNING:storage_block-inl.h(146)] Failed data load.
[1010/125850.582:WARNING:storage_block-inl.h(146)] Failed data load.
[1010/125850.595:WARNING:storage_block-inl.h(146)] Failed data load.
[1010/125850.597:WARNING:storage_block-inl.h(146)] Failed data load.
[1010/125850.598:WARNING:storage_block-inl.h(146)] Failed data load.
[1010/125850.621:WARNING:storage_block-inl.h(146)] Failed data load.
[1010/125850.705:WARNING:storage_block-inl.h(146)] Failed data load.
[1010/125850.705:WARNING:storage_block-inl.h(146)] Failed data load.
[1010/125850.705:WARNING:storage_block-inl.h(146)] Failed data load.
[1010/125850.706:WARNING:storage_block-inl.h(146)] Failed data load.
[1010/125850.719:WARNING:storage_block-inl.h(146)] Failed data load.
[1010/125850.719:WARNING:storage_block-inl.h(146)] Failed data load.
[1010/125850.719:WARNING:storage_block-inl.h(146)] Failed data load.
[1010/125850.721:WARNING:storage_block-inl.h(146)] Failed data load.
[1010/125850.721:WARNING:storage_block-inl.h(146)] Failed data load.
[1010/125850.721:WARNING:storage_block-inl.h(146)] Failed data load.
[1010/125850.721:WARNING:storage_block-inl.h(146)] Failed data load.
[1010/125850.721:WARNING:storage_block-inl.h(146)] Failed data load.
[1010/125850.731:WARNING:storage_block-inl.h(146)] Failed data load.
[1010/125850.731:WARNING:storage_block-inl.h(146)] Failed data load.
[1010/125850.737:WARNING:storage_block-inl.h(146)] Failed data load.
[1010/125850.742:WARNING:storage_block-inl.h(146)] Failed data load.
[1010/125850.749:WARNING:storage_block-inl.h(146)] Failed data load.
[1010/125850.754:WARNING:storage_block-inl.h(146)] Failed data load.
[1010/125850.758:WARNING:storage_block-inl.h(146)] Failed data load.
[1010/125850.761:WARNING:storage_block-inl.h(146)] Failed data load.
[1010/125850.762:WARNING:storage_block-inl.h(146)] Failed data load.
[1010/125850.766:WARNING:storage_block-inl.h(146)] Failed data load.
[1010/125850.766:WARNING:storage_block-inl.h(146)] Failed data load.
[1010/125850.772:WARNING:storage_block-inl.h(146)] Failed data load.
[1010/125850.772:WARNING:storage_block-inl.h(146)] Failed data load.
[1010/125850.775:WARNING:storage_block-inl.h(146)] Failed data load.
[1010/125850.775:WARNING:storage_block-inl.h(146)] Failed data load.
[1010/125850.776:WARNING:storage_block-inl.h(146)] Failed data load.
[1010/125850.797:WARNING:storage_block-inl.h(146)] Failed data load.
[1010/125850.805:WARNING:storage_block-inl.h(146)] Failed data load.
[1010/125850.806:WARNING:storage_block-inl.h(146)] Failed data load.
[1010/125850.806:WARNING:storage_block-inl.h(146)] Failed data load.
[1010/125850.806:WARNING:storage_block-inl.h(146)] Failed data load.
[1010/125850.806:WARNING:storage_block-inl.h(146)] Failed data load.
[1010/125850.806:WARNING:storage_block-inl.h(146)] Failed data load.
[1010/125850.806:WARNING:storage_block-inl.h(146)] Failed data load.
[1010/125850.806:WARNING:storage_block-inl.h(146)] Failed data load.
[1010/125850.806:WARNING:storage_block-inl.h(146)] Failed data load.
[1010/125850.806:WARNING:storage_block-inl.h(146)] Failed data load.
[1010/125850.807:WARNING:storage_block-inl.h(146)] Failed data load.
[1010/125850.807:WARNING:storage_block-inl.h(146)] Failed data load.
[1010/125850.807:WARNING:storage_block-inl.h(146)] Failed data load.
[1010/125850.807:WARNING:storage_block-inl.h(146)] Failed data load.
[1010/125850.808:WARNING:storage_block-inl.h(146)] Failed data load.
[1010/125850.808:WARNING:storage_block-inl.h(146)] Failed data load.
[1010/125850.808:WARNING:storage_block-inl.h(146)] Failed data load.
[1010/125850.808:WARNING:storage_block-inl.h(146)] Failed data load.
[1010/125850.808:WARNING:storage_block-inl.h(146)] Failed data load.
[1010/125850.809:WARNING:storage_block-inl.h(146)] Failed data load.
[1010/125850.809:WARNING:storage_block-inl.h(146)] Failed data load.
[1010/125850.809:WARNING:storage_block-inl.h(146)] Failed data load.
[1010/125850.813:WARNING:storage_block-inl.h(146)] Failed data load.
[1010/125850.813:WARNING:storage_block-inl.h(146)] Failed data load.
[1010/125850.816:WARNING:storage_block-inl.h(146)] Failed data load.
[1010/125850.820:WARNING:storage_block-inl.h(146)] Failed data load.
[1010/125850.820:WARNING:storage_block-inl.h(146)] Failed data load.
[1010/125850.825:WARNING:storage_block-inl.h(146)] Failed data load.
[1010/125850.827:WARNING:storage_block-inl.h(146)] Failed data load.
[1010/125850.827:WARNING:storage_block-inl.h(146)] Failed data load.
[1010/125850.834:WARNING:storage_block-inl.h(146)] Failed data load.
[1010/125850.840:WARNING:storage_block-inl.h(146)] Failed data load.
[1010/125850.858:WARNING:storage_block-inl.h(146)] Failed data load.
[1010/125850.862:WARNING:storage_block-inl.h(146)] Failed data load.
[1010/125850.867:WARNING:storage_block-inl.h(146)] Failed data load.
[1010/125850.870:WARNING:storage_block-inl.h(146)] Failed data load.
[1010/125850.870:WARNING:storage_block-inl.h(146)] Failed data load.
[1010/125850.876:WARNING:storage_block-inl.h(146)] Failed data load.
[1010/125850.876:WARNING:storage_block-inl.h(146)] Failed data load.
[1010/125850.877:WARNING:storage_block-inl.h(146)] Failed data load.
[1010/125850.878:WARNING:storage_block-inl.h(146)] Failed data load.
[1010/125850.878:WARNING:storage_block-inl.h(146)] Failed data load.
[1010/125850.880:WARNING:storage_block-inl.h(146)] Failed data load.
[1010/125850.880:WARNING:storage_block-inl.h(146)] Failed data load.
[1010/125850.882:WARNING:storage_block-inl.h(146)] Failed data load.
[1010/125850.885:WARNING:storage_block-inl.h(146)] Failed data load.
[1010/125850.888:WARNING:storage_block-inl.h(146)] Failed data load.
[1010/125850.888:WARNING:storage_block-inl.h(146)] Failed data load.
[1010/125850.896:WARNING:storage_block-inl.h(146)] Failed data load.
[1010/125850.896:WARNING:storage_block-inl.h(146)] Failed data load.
[1010/125850.898:WARNING:storage_block-inl.h(146)] Failed data load.
[1010/125850.898:WARNING:storage_block-inl.h(146)] Failed data load.
[1010/125850.898:WARNING:storage_block-inl.h(146)] Failed data load.
[1010/125850.898:WARNING:storage_block-inl.h(146)] Failed data load.
[1010/125850.898:WARNING:storage_block-inl.h(146)] Failed data load.
[1010/125850.898:WARNING:storage_block-inl.h(146)] Failed data load.
[1010/125850.898:WARNING:storage_block-inl.h(146)] Failed data load.
[1010/125850.898:WARNING:storage_block-inl.h(146)] Failed data load.
[1010/125850.898:WARNING:storage_block-inl.h(146)] Failed data load.
[1010/125850.899:WARNING:storage_block-inl.h(146)] Failed data load.
[1010/125850.899:WARNING:storage_block-inl.h(146)] Failed data load.
[1010/125850.899:WARNING:storage_block-inl.h(146)] Failed data load.
[1010/125850.899:WARNING:storage_block-inl.h(146)] Failed data load.
[1010/125850.899:WARNING:storage_block-inl.h(146)] Failed data load.
[1010/125850.900:WARNING:storage_block-inl.h(146)] Failed data load.
[1010/125850.900:WARNING:storage_block-inl.h(146)] Failed data load.
[1010/125850.900:WARNING:storage_block-inl.h(146)] Failed data load.
[1010/125850.900:WARNING:storage_block-inl.h(146)] Failed data load.
[1010/125850.902:WARNING:storage_block-inl.h(146)] Failed data load.
[1010/125850.902:WARNING:storage_block-inl.h(146)] Failed data load.
[1010/125850.902:WARNING:storage_block-inl.h(146)] Failed data load.
[1010/125850.904:WARNING:storage_block-inl.h(146)] Failed data load.
[1010/125850.907:WARNING:storage_block-inl.h(146)] Failed data load.
[1010/125850.909:WARNING:storage_block-inl.h(146)] Failed data load.
[1010/125850.910:WARNING:storage_block-inl.h(146)] Failed data load.
[1010/125850.910:WARNING:storage_block-inl.h(146)] Failed data load.
[1010/125850.910:WARNING:storage_block-inl.h(146)] Failed data load.
[1010/125850.912:WARNING:storage_block-inl.h(146)] Failed data load.
[1010/125850.913:WARNING:storage_block-inl.h(146)] Failed data load.
[1010/125850.913:WARNING:storage_block-inl.h(146)] Failed data load.
[1010/125850.919:WARNING:storage_block-inl.h(146)] Failed data load.
[1010/125850.921:WARNING:storage_block-inl.h(146)] Failed data load.
[1010/125850.925:WARNING:storage_block-inl.h(146)] Failed data load.
[1010/125850.925:WARNING:storage_block-inl.h(146)] Failed data load.
[1010/125850.926:WARNING:storage_block-inl.h(146)] Failed data load.
[1010/125850.929:WARNING:storage_block-inl.h(146)] Failed data load.
[1010/125850.935:WARNING:storage_block-inl.h(146)] Failed data load.
[1010/125850.935:WARNING:storage_block-inl.h(146)] Failed data load.
[1010/125850.937:WARNING:storage_block-inl.h(146)] Failed data load.
[1010/125850.938:WARNING:storage_block-inl.h(146)] Failed data load.
[1010/125850.938:WARNING:storage_block-inl.h(146)] Failed data load.
[1010/125850.938:WARNING:storage_block-inl.h(146)] Failed data load.
[1010/125850.938:WARNING:storage_block-inl.h(146)] Failed data load.
[1010/125850.940:WARNING:storage_block-inl.h(146)] Failed data load.
[1010/125850.940:WARNING:storage_block-inl.h(146)] Failed data load.
[1010/125850.941:WARNING:storage_block-inl.h(146)] Failed data load.
[1010/125850.943:WARNING:storage_block-inl.h(146)] Failed data load.
[1010/125850.946:WARNING:storage_block-inl.h(146)] Failed data load.
[1010/125850.948:WARNING:storage_block-inl.h(146)] Failed data load.
[1010/125850.949:WARNING:storage_block-inl.h(146)] Failed data load.
[1010/125850.951:WARNING:storage_block-inl.h(146)] Failed data load.
[1010/125850.952:WARNING:storage_block-inl.h(146)] Failed data load.
[1010/125850.956:WARNING:storage_block-inl.h(146)] Failed data load.
[1010/125850.956:WARNING:storage_block-inl.h(146)] Failed data load.
[1010/125850.960:WARNING:storage_block-inl.h(146)] Failed data load.
[1010/125850.973:WARNING:storage_block-inl.h(146)] Failed data load.
[1010/125850.991:WARNING:storage_block-inl.h(146)] Failed data load.
[1010/125850.991:WARNING:storage_block-inl.h(146)] Failed data load.
[1010/125850.999:WARNING:storage_block-inl.h(146)] Failed data load.
[1010/125851.009:WARNING:storage_block-inl.h(146)] Failed data load.
[1010/125851.013:WARNING:storage_block-inl.h(146)] Failed data load.
[1010/125851.013:WARNING:storage_block-inl.h(146)] Failed data load.
[1010/125851.028:WARNING:storage_block-inl.h(146)] Failed data load.
[1010/125851.032:WARNING:storage_block-inl.h(146)] Failed data load.
[1010/125851.038:WARNING:storage_block-inl.h(146)] Failed data load.
[1010/125851.044:WARNING:storage_block-inl.h(146)] Failed data load.
[1010/125851.048:WARNING:storage_block-inl.h(146)] Failed data load.
[1010/125851.048:WARNING:storage_block-inl.h(146)] Failed data load.
[1010/125851.055:WARNING:storage_block-inl.h(146)] Failed data load.
[1010/125851.058:WARNING:storage_block-inl.h(146)] Failed data load.
[1010/125851.058:WARNING:storage_block-inl.h(146)] Failed data load.
[1010/125851.070:WARNING:storage_block-inl.h(146)] Failed data load.
[1010/125851.074:WARNING:storage_block-inl.h(146)] Failed data load.
[1010/125851.074:WARNING:storage_block-inl.h(146)] Failed data load.
[1010/125851.080:WARNING:storage_block-inl.h(146)] Failed data load.
[1010/125851.083:WARNING:storage_block-inl.h(146)] Failed data load.
[1010/125851.083:WARNING:storage_block-inl.h(146)] Failed data load.
[1010/125851.088:WARNING:storage_block-inl.h(146)] Failed data load.
[1010/125851.088:WARNING:storage_block-inl.h(146)] Failed data load.
[1010/125851.093:WARNING:storage_block-inl.h(146)] Failed data load.
[1010/125851.098:WARNING:storage_block-inl.h(146)] Failed data load.
[1010/125851.103:WARNING:storage_block-inl.h(146)] Failed data load.
[1010/125851.103:WARNING:storage_block-inl.h(146)] Failed data load.
[1010/125851.104:WARNING:storage_block-inl.h(146)] Failed data load.
[1010/125851.105:WARNING:storage_block-inl.h(146)] Failed data load.
[1010/125851.105:WARNING:storage_block-inl.h(146)] Failed data load.
[1010/125851.105:WARNING:storage_block-inl.h(146)] Failed data load.
[1010/125851.106:WARNING:storage_block-inl.h(146)] Failed data load.
[1010/125851.106:WARNING:storage_block-inl.h(146)] Failed data load.
[1010/125851.107:WARNING:storage_block-inl.h(146)] Failed data load.
[1010/125851.108:WARNING:storage_block-inl.h(146)] Failed data load.
[1010/125851.116:WARNING:storage_block-inl.h(146)] Failed data load.
[1010/125851.118:WARNING:storage_block-inl.h(146)] Failed data load.
[1010/125851.118:WARNING:storage_block-inl.h(146)] Failed data load.
[1010/125851.118:WARNING:storage_block-inl.h(146)] Failed data load.
[1010/125851.118:WARNING:storage_block-inl.h(146)] Failed data load.
[1010/125851.118:WARNING:storage_block-inl.h(146)] Failed data load.
[1010/125851.118:WARNING:storage_block-inl.h(146)] Failed data load.
[1010/125851.118:WARNING:storage_block-inl.h(146)] Failed data load.
[1010/125851.118:WARNING:storage_block-inl.h(146)] Failed data load.
[1010/125851.118:WARNING:storage_block-inl.h(146)] Failed data load.
[1010/125851.118:WARNING:storage_block-inl.h(146)] Failed data load.
[1010/125851.118:WARNING:storage_block-inl.h(146)] Failed data load.
[1010/125851.118:WARNING:storage_block-inl.h(146)] Failed data load.
[1010/125851.118:WARNING:storage_block-inl.h(146)] Failed data load.
[1010/125851.118:WARNING:storage_block-inl.h(146)] Failed data load.
[1010/125851.118:WARNING:storage_block-inl.h(146)] Failed data load.
[1010/125851.119:WARNING:storage_block-inl.h(146)] Failed data load.
[1010/125851.119:WARNING:storage_block-inl.h(146)] Failed data load.
[1010/125851.119:WARNING:storage_block-inl.h(146)] Failed data load.
[1010/125851.119:WARNING:storage_block-inl.h(146)] Failed data load.
[1010/125851.121:WARNING:storage_block-inl.h(146)] Failed data load.
[1010/125851.121:WARNING:storage_block-inl.h(146)] Failed data load.
[1010/125851.121:WARNING:storage_block-inl.h(146)] Failed data load.
[1010/125851.121:WARNING:storage_block-inl.h(146)] Failed data load.
[1010/125851.121:WARNING:storage_block-inl.h(146)] Failed data load.
[1010/125851.122:WARNING:storage_block-inl.h(146)] Failed data load.
[1010/125851.133:WARNING:storage_block-inl.h(146)] Failed data load.
[1010/125851.138:WARNING:storage_block-inl.h(146)] Failed data load.
[1010/125851.143:WARNING:storage_block-inl.h(146)] Failed data load.
[1010/125851.151:WARNING:storage_block-inl.h(146)] Failed data load.
[1010/125851.156:WARNING:storage_block-inl.h(146)] Failed data load.
[1010/125851.159:WARNING:storage_block-inl.h(146)] Failed data load.
[1010/125851.167:WARNING:storage_block-inl.h(146)] Failed data load.
[1010/125851.172:WARNING:storage_block-inl.h(146)] Failed data load.
[1010/125851.172:WARNING:storage_block-inl.h(146)] Failed data load.
[1010/125851.176:WARNING:storage_block-inl.h(146)] Failed data load.
[1010/125851.176:WARNING:storage_block-inl.h(146)] Failed data load.
[1010/125851.178:WARNING:storage_block-inl.h(146)] Failed data load.
[1010/125851.179:WARNING:storage_block-inl.h(146)] Failed data load.
[1010/125851.180:WARNING:storage_block-inl.h(146)] Failed data load.
[1010/125851.180:WARNING:storage_block-inl.h(146)] Failed data load.
[1010/125851.181:WARNING:storage_block-inl.h(146)] Failed data load.
[1010/125851.182:WARNING:storage_block-inl.h(146)] Failed data load.
[1010/125851.183:WARNING:storage_block-inl.h(146)] Failed data load.
[1010/125851.183:WARNING:storage_block-inl.h(146)] Failed data load.
[1010/125851.184:WARNING:storage_block-inl.h(146)] Failed data load.
[1010/125851.200:WARNING:storage_block-inl.h(146)] Failed data load.
[1010/125851.200:WARNING:storage_block-inl.h(146)] Failed data load.
[1010/125851.201:WARNING:storage_block-inl.h(146)] Failed data load.
[1010/125851.209:WARNING:storage_block-inl.h(146)] Failed data load.
[1010/125851.226:WARNING:storage_block-inl.h(146)] Failed data load.
[1010/125851.238:WARNING:storage_block-inl.h(146)] Failed data load.
[1010/125851.238:WARNING:storage_block-inl.h(146)] Failed data load.
[1010/125851.243:WARNING:storage_block-inl.h(146)] Failed data load.
[1010/125851.243:WARNING:storage_block-inl.h(146)] Failed data load.
[1010/125851.248:WARNING:storage_block-inl.h(146)] Failed data load.
[1010/125851.249:WARNING:storage_block-inl.h(146)] Failed data load.
[1010/125851.250:WARNING:storage_block-inl.h(146)] Failed data load.
[1010/125851.251:WARNING:storage_block-inl.h(146)] Failed data load.
[1010/125851.251:WARNING:storage_block-inl.h(146)] Failed data load.
[1010/125851.251:WARNING:storage_block-inl.h(146)] Failed data load.
[1010/125851.252:WARNING:storage_block-inl.h(146)] Failed data load.
[1010/125851.252:WARNING:storage_block-inl.h(146)] Failed data load.
[1010/125851.256:WARNING:storage_block-inl.h(146)] Failed data load.
[1010/125851.256:WARNING:storage_block-inl.h(146)] Failed data load.
[1010/125851.257:WARNING:storage_block-inl.h(146)] Failed data load.
[1010/125851.259:WARNING:storage_block-inl.h(146)] Failed data load.
[1010/125851.259:WARNING:storage_block-inl.h(146)] Failed data load.
[1010/125851.259:WARNING:storage_block-inl.h(146)] Failed data load.
[1010/125851.259:WARNING:storage_block-inl.h(146)] Failed data load.
[1010/125851.263:WARNING:storage_block-inl.h(146)] Failed data load.
[1010/125851.267:WARNING:storage_block-inl.h(146)] Failed data load.
[1010/125851.272:WARNING:storage_block-inl.h(146)] Failed data load.
[1010/125851.278:WARNING:storage_block-inl.h(146)] Failed data load.
[1010/125851.287:WARNING:storage_block-inl.h(146)] Failed data load.
[1010/125851.293:WARNING:storage_block-inl.h(146)] Failed data load.
[1010/125851.297:WARNING:storage_block-inl.h(146)] Failed data load.
[1010/125851.304:WARNING:storage_block-inl.h(146)] Failed data load.
[1010/125851.307:WARNING:storage_block-inl.h(146)] Failed data load.
[1010/125851.307:WARNING:storage_block-inl.h(146)] Failed data load.
[1010/125851.307:WARNING:storage_block-inl.h(146)] Failed data load.
[1010/125851.309:WARNING:storage_block-inl.h(146)] Failed data load.
[1010/125851.309:WARNING:storage_block-inl.h(146)] Failed data load.
[1010/125851.309:WARNING:storage_block-inl.h(146)] Failed data load.
[1010/125851.309:WARNING:storage_block-inl.h(146)] Failed data load.
[1010/125851.319:WARNING:storage_block-inl.h(146)] Failed data load.
[1010/125851.323:WARNING:storage_block-inl.h(146)] Failed data load.
[1010/125851.323:WARNING:storage_block-inl.h(146)] Failed data load.
[1010/125851.323:WARNING:storage_block-inl.h(146)] Failed data load.
[1010/125851.323:WARNING:storage_block-inl.h(146)] Failed data load.
[1010/125851.324:WARNING:storage_block-inl.h(146)] Failed data load.
[1010/125851.324:WARNING:storage_block-inl.h(146)] Failed data load.
[1010/125851.324:WARNING:storage_block-inl.h(146)] Failed data load.
[1010/125851.325:WARNING:storage_block-inl.h(146)] Failed data load.
[1010/125851.329:WARNING:storage_block-inl.h(146)] Failed data load.
[1010/125851.329:WARNING:storage_block-inl.h(146)] Failed data load.
[1010/125851.332:WARNING:storage_block-inl.h(146)] Failed data load.
[1010/125851.334:WARNING:storage_block-inl.h(146)] Failed data load.
[1010/125851.334:WARNING:storage_block-inl.h(146)] Failed data load.
[1010/125851.334:WARNING:storage_block-inl.h(146)] Failed data load.
[1010/125851.335:WARNING:storage_block-inl.h(146)] Failed data load.
[1010/125851.335:WARNING:storage_block-inl.h(146)] Failed data load.
[1010/125851.337:WARNING:storage_block-inl.h(146)] Failed data load.
[1010/125851.338:WARNING:storage_block-inl.h(146)] Failed data load.
[1010/125851.338:WARNING:storage_block-inl.h(146)] Failed data load.
[1010/125851.342:WARNING:storage_block-inl.h(146)] Failed data load.
[1010/125851.345:WARNING:storage_block-inl.h(146)] Failed data load.
[1010/125851.345:WARNING:storage_block-inl.h(146)] Failed data load.
[1010/125851.345:WARNING:storage_block-inl.h(146)] Failed data load.
[1010/125851.345:WARNING:storage_block-inl.h(146)] Failed data load.
[1010/125851.345:WARNING:storage_block-inl.h(146)] Failed data load.
[1010/125851.345:WARNING:storage_block-inl.h(146)] Failed data load.
[1010/125851.345:WARNING:storage_block-inl.h(146)] Failed data load.
[1010/125851.346:WARNING:storage_block-inl.h(146)] Failed data load.
[1010/125851.346:WARNING:storage_block-inl.h(146)] Failed data load.
[1010/125851.346:WARNING:storage_block-inl.h(146)] Failed data load.
[1010/125851.349:WARNING:storage_block-inl.h(146)] Failed data load.
[1010/125851.374:WARNING:storage_block-inl.h(146)] Failed data load.
[1010/125851.392:WARNING:storage_block-inl.h(146)] Failed data load.
[1010/125851.411:WARNING:storage_block-inl.h(146)] Failed data load.
[1010/125851.423:WARNING:storage_block-inl.h(146)] Failed data load.
[1010/125851.440:WARNING:storage_block-inl.h(146)] Failed data load.
[1010/125851.461:WARNING:storage_block-inl.h(146)] Failed data load.
[1010/125851.462:WARNING:storage_block-inl.h(146)] Failed data load.
[1010/125851.462:WARNING:storage_block-inl.h(146)] Failed data load.
[1010/125851.462:WARNING:storage_block-inl.h(146)] Failed data load.
[1010/125851.462:WARNING:storage_block-inl.h(146)] Failed data load.
[1010/125851.462:WARNING:storage_block-inl.h(146)] Failed data load.
[1010/125851.462:WARNING:storage_block-inl.h(146)] Failed data load.
[1010/125851.462:WARNING:storage_block-inl.h(146)] Failed data load.
[1010/125851.462:WARNING:storage_block-inl.h(146)] Failed data load.
[1010/125851.462:WARNING:backend_impl.cc(1592)] Messed up entry found.
[1010/125851.462:WARNING:storage_block-inl.h(146)] Failed data load.
[1010/125851.462:WARNING:storage_block-inl.h(146)] Failed data load.
[1010/125851.462:WARNING:storage_block-inl.h(146)] Failed data load.
[1010/125851.462:WARNING:storage_block-inl.h(146)] Failed data load.
[1010/125851.462:WARNING:storage_block-inl.h(146)] Failed data load.
[1010/125851.462:WARNING:storage_block-inl.h(146)] Failed data load.
[1010/125851.462:WARNING:storage_block-inl.h(146)] Failed data load.
[1010/125851.462:WARNING:storage_block-inl.h(146)] Failed data load.
[1010/125851.462:WARNING:storage_block-inl.h(146)] Failed data load.
[1010/125851.462:WARNING:storage_block-inl.h(146)] Failed data load.
[1010/125851.462:WARNING:storage_block-inl.h(146)] Failed data load.
[1010/125851.462:WARNING:storage_block-inl.h(146)] Failed data load.
[1010/125851.462:WARNING:storage_block-inl.h(146)] Failed data load.
[1010/125851.463:WARNING:storage_block-inl.h(146)] Failed data load.
[1010/125851.463:WARNING:storage_block-inl.h(146)] Failed data load.
[1010/125851.463:WARNING:storage_block-inl.h(146)] Failed data load.
[1010/125851.463:WARNING:storage_block-inl.h(146)] Failed data load.
[1010/125851.463:WARNING:storage_block-inl.h(146)] Failed data load.
[1010/125851.463:WARNING:storage_block-inl.h(146)] Failed data load.
[1010/125851.463:WARNING:storage_block-inl.h(146)] Failed data load.
[1010/125851.463:WARNING:storage_block-inl.h(146)] Failed data load.
[1010/125851.463:WARNING:storage_block-inl.h(146)] Failed data load.
[1010/125851.463:WARNING:storage_block-inl.h(146)] Failed data load.
[1010/125851.463:WARNING:backend_impl.cc(1592)] Messed up entry found.
[1010/125851.463:WARNING:storage_block-inl.h(146)] Failed data load.
[1010/125851.463:WARNING:storage_block-inl.h(146)] Failed data load.
[1010/125851.463:WARNING:storage_block-inl.h(146)] Failed data load.
[1010/125851.463:WARNING:storage_block-inl.h(146)] Failed data load.
[1010/125851.463:WARNING:storage_block-inl.h(146)] Failed data load.
[1010/125851.463:WARNING:storage_block-inl.h(146)] Failed data load.
[1010/125851.463:WARNING:storage_block-inl.h(146)] Failed data load.
[1010/125851.463:WARNING:storage_block-inl.h(146)] Failed data load.
[1010/125851.463:WARNING:storage_block-inl.h(146)] Failed data load.
[1010/125851.463:WARNING:storage_block-inl.h(146)] Failed data load.
[1010/125851.463:WARNING:storage_block-inl.h(146)] Failed data load.
[1010/125851.464:WARNING:storage_block-inl.h(146)] Failed data load.
[1010/125851.464:WARNING:storage_block-inl.h(146)] Failed data load.
[1010/125851.464:WARNING:storage_block-inl.h(146)] Failed data load.
[1010/125851.464:WARNING:storage_block-inl.h(146)] Failed data load.
[1010/125851.464:WARNING:storage_block-inl.h(146)] Failed data load.
[1010/125851.464:WARNING:storage_block-inl.h(146)] Failed data load.
[1010/125851.464:WARNING:storage_block-inl.h(146)] Failed data load.
[1010/125851.464:WARNING:storage_block-inl.h(146)] Failed data load.
[1010/125851.464:WARNING:storage_block-inl.h(146)] Failed data load.
[1010/125851.464:WARNING:storage_block-inl.h(146)] Failed data load.
[1010/125851.464:WARNING:storage_block-inl.h(146)] Failed data load.
[1010/125851.464:WARNING:storage_block-inl.h(146)] Failed data load.
[1010/125851.464:WARNING:storage_block-inl.h(146)] Failed data load.
[1010/125851.464:WARNING:storage_block-inl.h(146)] Failed data load.
[1010/125851.464:WARNING:storage_block-inl.h(146)] Failed data load.
[1010/125851.464:WARNING:storage_block-inl.h(146)] Failed data load.
[1010/125851.464:WARNING:storage_block-inl.h(146)] Failed data load.
[1010/125851.464:WARNING:storage_block-inl.h(146)] Failed data load.
[1010/125851.464:WARNING:storage_block-inl.h(146)] Failed data load.
[1010/125851.465:WARNING:storage_block-inl.h(146)] Failed data load.
[1010/125851.465:WARNING:storage_block-inl.h(146)] Failed data load.
[1010/125851.465:WARNING:storage_block-inl.h(146)] Failed data load.
[1010/125851.465:WARNING:storage_block-inl.h(146)] Failed data load.
[1010/125851.465:WARNING:storage_block-inl.h(146)] Failed data load.
[1010/125851.465:WARNING:storage_block-inl.h(146)] Failed data load.
[1010/125851.465:WARNING:storage_block-inl.h(146)] Failed data load.
[1010/125851.465:WARNING:storage_block-inl.h(146)] Failed data load.
[1010/125851.480:WARNING:storage_block-inl.h(146)] Failed data load.
[1010/125851.481:WARNING:storage_block-inl.h(146)] Failed data load.
[1010/125851.481:WARNING:storage_block-inl.h(146)] Failed data load.
[1010/125851.481:WARNING:storage_block-inl.h(146)] Failed data load.
[1010/125851.481:WARNING:storage_block-inl.h(146)] Failed data load.
[1010/125851.482:WARNING:storage_block-inl.h(146)] Failed data load.
[1010/125851.482:WARNING:storage_block-inl.h(146)] Failed data load.
[1010/125851.482:WARNING:storage_block-inl.h(146)] Failed data load.
[1010/125851.482:WARNING:storage_block-inl.h(146)] Failed data load.
[1010/125851.482:WARNING:storage_block-inl.h(146)] Failed data load.
[1010/125851.482:WARNING:storage_block-inl.h(146)] Failed data load.
[1010/125851.483:WARNING:storage_block-inl.h(146)] Failed data load.
[1010/125851.483:WARNING:storage_block-inl.h(146)] Failed data load.
[1010/125851.483:WARNING:storage_block-inl.h(146)] Failed data load.
[1010/125851.483:WARNING:storage_block-inl.h(146)] Failed data load.
[1010/125851.483:WARNING:storage_block-inl.h(146)] Failed data load.
[1010/125851.483:WARNING:storage_block-inl.h(146)] Failed data load.
[1010/125851.483:WARNING:storage_block-inl.h(146)] Failed data load.
[1010/125851.485:WARNING:storage_block-inl.h(146)] Failed data load.
[1010/125851.485:WARNING:storage_block-inl.h(146)] Failed data load.
[1010/125851.485:WARNING:storage_block-inl.h(146)] Failed data load.
[1010/125851.486:WARNING:storage_block-inl.h(146)] Failed data load.
[1010/125851.489:WARNING:storage_block-inl.h(146)] Failed data load.
[1010/125851.491:WARNING:storage_block-inl.h(146)] Failed data load.
[1010/125851.491:WARNING:storage_block-inl.h(146)] Failed data load.
[1010/125851.494:WARNING:storage_block-inl.h(146)] Failed data load.
[1010/125851.499:WARNING:storage_block-inl.h(146)] Failed data load.
[1010/125851.502:WARNING:storage_block-inl.h(146)] Failed data load.
[1010/125851.507:WARNING:storage_block-inl.h(146)] Failed data load.
[1010/125851.511:WARNING:storage_block-inl.h(146)] Failed data load.
[1010/125851.513:WARNING:storage_block-inl.h(146)] Failed data load.
[1010/125851.517:WARNING:storage_block-inl.h(146)] Failed data load.
[1010/125851.522:WARNING:storage_block-inl.h(146)] Failed data load.
[1010/125851.524:WARNING:storage_block-inl.h(146)] Failed data load.
[1010/125851.525:WARNING:storage_block-inl.h(146)] Failed data load.
[1010/125851.525:WARNING:storage_block-inl.h(146)] Failed data load.
[1010/125851.525:WARNING:storage_block-inl.h(146)] Failed data load.
[1010/125851.525:WARNING:storage_block-inl.h(146)] Failed data load.
[1010/125851.525:WARNING:storage_block-inl.h(146)] Failed data load.
[1010/125851.525:WARNING:storage_block-inl.h(146)] Failed data load.
[1010/125851.525:WARNING:storage_block-inl.h(146)] Failed data load.
[1010/125851.525:WARNING:storage_block-inl.h(146)] Failed data load.
[1010/125851.525:WARNING:storage_block-inl.h(146)] Failed data load.
[1010/125851.525:WARNING:storage_block-inl.h(146)] Failed data load.
[1010/125851.525:WARNING:storage_block-inl.h(146)] Failed data load.
[1010/125851.525:WARNING:storage_block-inl.h(146)] Failed data load.
[1010/125851.525:WARNING:storage_block-inl.h(146)] Failed data load.
[1010/125851.525:WARNING:storage_block-inl.h(146)] Failed data load.
[1010/125851.525:WARNING:storage_block-inl.h(146)] Failed data load.
[1010/125851.525:WARNING:storage_block-inl.h(146)] Failed data load.
[1010/125851.525:WARNING:storage_block-inl.h(146)] Failed data load.
[1010/125851.525:WARNING:storage_block-inl.h(146)] Failed data load.
[1010/125851.525:WARNING:storage_block-inl.h(146)] Failed data load.
[1010/125851.525:WARNING:storage_block-inl.h(146)] Failed data load.
[1010/125851.525:WARNING:storage_block-inl.h(146)] Failed data load.
[1010/125851.525:WARNING:storage_block-inl.h(146)] Failed data load.
[1010/125851.525:WARNING:storage_block-inl.h(146)] Failed data load.
[1010/125851.525:WARNING:storage_block-inl.h(146)] Failed data load.
[1010/125851.525:WARNING:storage_block-inl.h(146)] Failed data load.
[1010/125851.525:WARNING:storage_block-inl.h(146)] Failed data load.
[1010/125851.525:WARNING:storage_block-inl.h(146)] Failed data load.
[1010/125851.526:WARNING:storage_block-inl.h(146)] Failed data load.
[1010/125851.526:WARNING:storage_block-inl.h(146)] Failed data load.
[1010/125851.526:WARNING:storage_block-inl.h(146)] Failed data load.
[1010/125851.526:WARNING:storage_block-inl.h(146)] Failed data load.
[1010/125851.526:WARNING:storage_block-inl.h(146)] Failed data load.
[1010/125851.526:WARNING:storage_block-inl.h(146)] Failed data load.
[1010/125851.526:WARNING:storage_block-inl.h(146)] Failed data load.
[1010/125851.526:WARNING:storage_block-inl.h(146)] Failed data load.
[1010/125851.526:WARNING:storage_block-inl.h(146)] Failed data load.
[1010/125851.528:WARNING:storage_block-inl.h(146)] Failed data load.
[1010/125851.528:WARNING:storage_block-inl.h(146)] Failed data load.
[1010/125851.528:WARNING:storage_block-inl.h(146)] Failed data load.
[1010/125851.530:WARNING:storage_block-inl.h(146)] Failed data load.
[1010/125851.531:WARNING:storage_block-inl.h(146)] Failed data load.
[1010/125851.531:WARNING:storage_block-inl.h(146)] Failed data load.
[1010/125851.531:WARNING:storage_block-inl.h(146)] Failed data load.
[1010/125851.531:WARNING:storage_block-inl.h(146)] Failed data load.
[1010/125851.532:WARNING:storage_block-inl.h(146)] Failed data load.
[1010/125851.532:WARNING:storage_block-inl.h(146)] Failed data load.
[1010/125851.532:WARNING:storage_block-inl.h(146)] Failed data load.
[1010/125851.541:WARNING:storage_block-inl.h(146)] Failed data load.
[1010/125851.545:WARNING:storage_block-inl.h(146)] Failed data load.
[1010/125851.550:WARNING:storage_block-inl.h(146)] Failed data load.
[1010/125851.554:WARNING:storage_block-inl.h(146)] Failed data load.
[1010/125851.556:WARNING:storage_block-inl.h(146)] Failed data load.
[1010/125851.565:WARNING:storage_block-inl.h(146)] Failed data load.
[1010/125851.573:WARNING:storage_block-inl.h(146)] Failed data load.
[1010/125851.575:WARNING:storage_block-inl.h(146)] Failed data load.
[1010/125851.576:WARNING:storage_block-inl.h(146)] Failed data load.
[1010/125851.576:WARNING:storage_block-inl.h(146)] Failed data load.
[1010/125851.583:WARNING:storage_block-inl.h(146)] Failed data load.
[1010/125851.587:WARNING:storage_block-inl.h(146)] Failed data load.
[1010/125851.592:WARNING:storage_block-inl.h(146)] Failed data load.
[1010/125851.592:WARNING:storage_block-inl.h(146)] Failed data load.
[1010/125851.594:WARNING:storage_block-inl.h(146)] Failed data load.
[1010/125851.600:WARNING:storage_block-inl.h(146)] Failed data load.
[1010/125851.603:WARNING:storage_block-inl.h(146)] Failed data load.
[1010/125851.605:WARNING:storage_block-inl.h(146)] Failed data load.
[1010/125851.605:WARNING:storage_block-inl.h(146)] Failed data load.
[1010/125851.605:WARNING:storage_block-inl.h(146)] Failed data load.
[1010/125851.608:WARNING:storage_block-inl.h(146)] Failed data load.
[1010/125851.608:WARNING:storage_block-inl.h(146)] Failed data load.
[1010/125851.611:WARNING:storage_block-inl.h(146)] Failed data load.
[1010/125851.615:WARNING:storage_block-inl.h(146)] Failed data load.
[1010/125851.619:WARNING:storage_block-inl.h(146)] Failed data load.
[1010/125851.624:WARNING:storage_block-inl.h(146)] Failed data load.
[1010/125851.629:WARNING:storage_block-inl.h(146)] Failed data load.
[1010/125851.634:WARNING:storage_block-inl.h(146)] Failed data load.
[1010/125851.638:WARNING:storage_block-inl.h(146)] Failed data load.
[1010/125851.638:WARNING:storage_block-inl.h(146)] Failed data load.
[1010/125851.638:WARNING:storage_block-inl.h(146)] Failed data load.
[1010/125851.639:WARNING:storage_block-inl.h(146)] Failed data load.
[1010/125851.643:WARNING:storage_block-inl.h(146)] Failed data load.
[1010/125851.648:WARNING:storage_block-inl.h(146)] Failed data load.
[1010/125851.649:WARNING:storage_block-inl.h(146)] Failed data load.
[1010/125851.654:WARNING:storage_block-inl.h(146)] Failed data load.
[1010/125851.658:WARNING:storage_block-inl.h(146)] Failed data load.
[1010/125851.658:WARNING:storage_block-inl.h(146)] Failed data load.
[1010/125851.898:WARNING:storage_block-inl.h(146)] Failed data load.
[1010/125851.997:WARNING:storage_block-inl.h(146)] Failed data load.
[1010/125851.997:WARNING:storage_block-inl.h(146)] Failed data load.
[1010/125851.997:WARNING:storage_block-inl.h(146)] Failed data load.
[1010/125851.998:WARNING:storage_block-inl.h(146)] Failed data load.
[1010/125852.004:WARNING:storage_block-inl.h(146)] Failed data load.
[1010/125852.013:WARNING:storage_block-inl.h(146)] Failed data load.
[1010/125852.036:WARNING:storage_block-inl.h(146)] Failed data load.
[1010/125852.036:WARNING:storage_block-inl.h(146)] Failed data load.
[1010/125852.037:WARNING:storage_block-inl.h(146)] Failed data load.
[1010/125852.038:WARNING:storage_block-inl.h(146)] Failed data load.
[1010/125852.039:WARNING:storage_block-inl.h(146)] Failed data load.
[1010/125852.040:WARNING:storage_block-inl.h(146)] Failed data load.
[1010/125852.046:WARNING:storage_block-inl.h(146)] Failed data load.
[1010/125852.046:WARNING:storage_block-inl.h(146)] Failed data load.
[1010/125852.046:WARNING:storage_block-inl.h(146)] Failed data load.
[1010/125852.047:WARNING:storage_block-inl.h(146)] Failed data load.
[1010/125852.051:WARNING:storage_block-inl.h(146)] Failed data load.
[1010/125852.056:WARNING:storage_block-inl.h(146)] Failed data load.
[1010/125852.056:WARNING:storage_block-inl.h(146)] Failed data load.
[1010/125852.056:WARNING:storage_block-inl.h(146)] Failed data load.
[1010/125852.056:WARNING:storage_block-inl.h(146)] Failed data load.
[1010/125852.056:WARNING:storage_block-inl.h(146)] Failed data load.
[1010/125852.056:WARNING:storage_block-inl.h(146)] Failed data load.
[1010/125852.060:WARNING:storage_block-inl.h(146)] Failed data load.
[1010/125852.089:WARNING:storage_block-inl.h(146)] Failed data load.
[1010/125852.102:WARNING:storage_block-inl.h(146)] Failed data load.
[1010/125852.114:WARNING:storage_block-inl.h(146)] Failed data load.
[1010/125852.127:WARNING:storage_block-inl.h(146)] Failed data load.
[1010/125852.143:WARNING:storage_block-inl.h(146)] Failed data load.
[1010/125852.143:WARNING:storage_block-inl.h(146)] Failed data load.
[1010/125852.143:WARNING:storage_block-inl.h(146)] Failed data load.
[1010/125852.144:WARNING:storage_block-inl.h(146)] Failed data load.
[1010/125852.363:WARNING:storage_block-inl.h(146)] Failed data load.
[1010/125852.369:WARNING:backend_impl.cc(1592)] Messed up entry found.
[1010/125852.369:WARNING:storage_block-inl.h(146)] Failed data load.
[1010/125852.374:WARNING:storage_block-inl.h(146)] Failed data load.
[1010/125852.375:WARNING:storage_block-inl.h(146)] Failed data load.
[1010/125852.376:WARNING:storage_block-inl.h(146)] Failed data load.
[1010/125852.392:WARNING:storage_block-inl.h(146)] Failed data load.
[1010/125852.392:WARNING:storage_block-inl.h(146)] Failed data load.
[1010/125852.392:WARNING:storage_block-inl.h(146)] Failed data load.
[1010/125852.392:WARNING:storage_block-inl.h(146)] Failed data load.
[1010/125852.393:WARNING:storage_block-inl.h(146)] Failed data load.
[1010/125852.394:WARNING:storage_block-inl.h(146)] Failed data load.
[1010/125852.399:WARNING:storage_block-inl.h(146)] Failed data load.
[1010/125852.399:WARNING:storage_block-inl.h(146)] Failed data load.
[1010/125852.403:WARNING:storage_block-inl.h(146)] Failed data load.
[1010/125852.404:WARNING:storage_block-inl.h(146)] Failed data load.
[1010/125852.405:WARNING:storage_block-inl.h(146)] Failed data load.
[1010/125852.452:WARNING:storage_block-inl.h(146)] Failed data load.
[1010/125852.452:WARNING:storage_block-inl.h(146)] Failed data load.
[1010/125852.452:WARNING:storage_block-inl.h(146)] Failed data load.
[1010/125852.452:WARNING:storage_block-inl.h(146)] Failed data load.
[1010/125852.452:WARNING:storage_block-inl.h(146)] Failed data load.
[1010/125852.453:WARNING:storage_block-inl.h(146)] Failed data load.
[1010/125852.453:WARNING:storage_block-inl.h(146)] Failed data load.
[1010/125852.453:WARNING:storage_block-inl.h(146)] Failed data load.
[1010/125852.453:WARNING:storage_block-inl.h(146)] Failed data load.
[1010/125852.453:WARNING:storage_block-inl.h(146)] Failed data load.
[1010/125852.453:WARNING:storage_block-inl.h(146)] Failed data load.
[1010/125852.454:WARNING:storage_block-inl.h(146)] Failed data load.
[1010/125852.459:WARNING:storage_block-inl.h(146)] Failed data load.
[1010/125852.463:WARNING:storage_block-inl.h(146)] Failed data load.
[1010/125852.464:WARNING:storage_block-inl.h(146)] Failed data load.
[1010/125852.474:WARNING:storage_block-inl.h(146)] Failed data load.
[1010/125852.479:WARNING:storage_block-inl.h(146)] Failed data load.
[1010/125852.486:WARNING:storage_block-inl.h(146)] Failed data load.
[1010/125852.503:WARNING:storage_block-inl.h(146)] Failed data load.
[1010/125852.508:WARNING:storage_block-inl.h(146)] Failed data load.
[1010/125852.510:WARNING:storage_block-inl.h(146)] Failed data load.
[1010/125852.510:WARNING:storage_block-inl.h(146)] Failed data load.
[1010/125852.510:WARNING:storage_block-inl.h(146)] Failed data load.
[1010/125852.510:WARNING:storage_block-inl.h(146)] Failed data load.
[1010/125852.510:WARNING:storage_block-inl.h(146)] Failed data load.
[1010/125852.518:WARNING:storage_block-inl.h(146)] Failed data load.
[1010/125852.522:WARNING:storage_block-inl.h(146)] Failed data load.
[1010/125852.522:WARNING:storage_block-inl.h(146)] Failed data load.
[1010/125852.527:WARNING:storage_block-inl.h(146)] Failed data load.
[1010/125852.531:WARNING:storage_block-inl.h(146)] Failed data load.
[1010/125852.536:WARNING:storage_block-inl.h(146)] Failed data load.
[1010/125852.542:WARNING:storage_block-inl.h(146)] Failed data load.
[1010/125852.542:WARNING:storage_block-inl.h(146)] Failed data load.
[1010/125852.543:WARNING:storage_block-inl.h(146)] Failed data load.
[1010/125852.546:WARNING:storage_block-inl.h(146)] Failed data load.
[1010/125852.546:WARNING:storage_block-inl.h(146)] Failed data load.
[1010/125852.546:WARNING:storage_block-inl.h(146)] Failed data load.
[1010/125852.546:WARNING:storage_block-inl.h(146)] Failed data load.
[1010/125852.548:WARNING:storage_block-inl.h(146)] Failed data load.
[1010/142304.812:WARNING:storage_block-inl.h(146)] Failed data load.
[1010/142304.812:WARNING:storage_block-inl.h(146)] Failed data load.
[1010/142304.813:WARNING:storage_block-inl.h(146)] Failed data load.
[1010/142304.813:WARNING:storage_block-inl.h(146)] Failed data load.
[1010/142304.814:WARNING:storage_block-inl.h(146)] Failed data load.
[1010/142304.823:WARNING:storage_block-inl.h(146)] Failed data load.
[1010/142304.823:WARNING:storage_block-inl.h(146)] Failed data load.
[1010/142304.823:WARNING:storage_block-inl.h(146)] Failed data load.
[1010/142304.825:WARNING:storage_block-inl.h(146)] Failed data load.
[1010/142304.826:WARNING:storage_block-inl.h(146)] Failed data load.
[1010/142304.827:WARNING:storage_block-inl.h(146)] Failed data load.
[1010/142304.829:WARNING:storage_block-inl.h(146)] Failed data load.
[1010/142304.830:WARNING:storage_block-inl.h(146)] Failed data load.
[1010/142304.896:WARNING:storage_block-inl.h(146)] Failed data load.
[1010/142304.896:WARNING:storage_block-inl.h(146)] Failed data load.
[1010/142304.896:WARNING:storage_block-inl.h(146)] Failed data load.
[1010/142304.896:WARNING:storage_block-inl.h(146)] Failed data load.
[1010/142304.896:WARNING:storage_block-inl.h(146)] Failed data load.
[1010/142304.896:WARNING:storage_block-inl.h(146)] Failed data load.
[1010/142304.896:WARNING:storage_block-inl.h(146)] Failed data load.
[1010/142304.896:WARNING:storage_block-inl.h(146)] Failed data load.
[1010/142304.896:WARNING:storage_block-inl.h(146)] Failed data load.
[1010/142304.900:WARNING:storage_block-inl.h(146)] Failed data load.
[1010/142305.081:WARNING:storage_block-inl.h(146)] Failed data load.
[1010/142305.081:WARNING:storage_block-inl.h(146)] Failed data load.
[1010/142305.081:WARNING:storage_block-inl.h(146)] Failed data load.
[1010/142305.081:WARNING:storage_block-inl.h(146)] Failed data load.
[1010/142305.091:WARNING:storage_block-inl.h(146)] Failed data load.
[1010/142305.091:WARNING:storage_block-inl.h(146)] Failed data load.
[1010/142305.091:WARNING:storage_block-inl.h(146)] Failed data load.
[1010/142305.091:WARNING:storage_block-inl.h(146)] Failed data load.
[1010/142305.091:WARNING:storage_block-inl.h(146)] Failed data load.
[1010/142305.091:WARNING:storage_block-inl.h(146)] Failed data load.
[1010/142305.091:WARNING:storage_block-inl.h(146)] Failed data load.
[1010/142305.091:WARNING:storage_block-inl.h(146)] Failed data load.
[1010/142305.091:WARNING:storage_block-inl.h(146)] Failed data load.
[1010/142305.091:WARNING:storage_block-inl.h(146)] Failed data load.
[1010/142305.091:WARNING:storage_block-inl.h(146)] Failed data load.
[1010/142305.091:WARNING:storage_block-inl.h(146)] Failed data load.
[1010/142305.091:WARNING:storage_block-inl.h(146)] Failed data load.
[1010/142305.091:WARNING:storage_block-inl.h(146)] Failed data load.
[1010/142305.092:WARNING:storage_block-inl.h(146)] Failed data load.
[1010/142305.092:WARNING:storage_block-inl.h(146)] Failed data load.
[1010/142305.092:WARNING:storage_block-inl.h(146)] Failed data load.
[1010/142305.092:WARNING:storage_block-inl.h(146)] Failed data load.
[1010/142305.092:WARNING:storage_block-inl.h(146)] Failed data load.
[1010/142305.092:WARNING:storage_block-inl.h(146)] Failed data load.
[1010/142305.092:WARNING:storage_block-inl.h(146)] Failed data load.
[1010/142305.095:WARNING:storage_block-inl.h(146)] Failed data load.
[1010/142305.095:WARNING:storage_block-inl.h(146)] Failed data load.
[1010/142305.096:WARNING:storage_block-inl.h(146)] Failed data load.
[1010/142305.096:WARNING:storage_block-inl.h(146)] Failed data load.
[1010/142305.101:WARNING:storage_block-inl.h(146)] Failed data load.
[1010/142305.101:WARNING:storage_block-inl.h(146)] Failed data load.
[1010/142305.101:WARNING:storage_block-inl.h(146)] Failed data load.
[1010/142305.101:WARNING:storage_block-inl.h(146)] Failed data load.
[1010/142305.142:WARNING:storage_block-inl.h(146)] Failed data load.
[1010/142305.143:WARNING:storage_block-inl.h(146)] Failed data load.
[1010/142305.143:WARNING:storage_block-inl.h(146)] Failed data load.
[1010/142305.151:WARNING:storage_block-inl.h(146)] Failed data load.
[1010/142305.151:WARNING:storage_block-inl.h(146)] Failed data load.
[1010/142305.151:WARNING:storage_block-inl.h(146)] Failed data load.
[1010/142305.151:WARNING:storage_block-inl.h(146)] Failed data load.
[1010/142305.151:WARNING:storage_block-inl.h(146)] Failed data load.
[1010/142305.151:WARNING:storage_block-inl.h(146)] Failed data load.
[1010/142305.151:WARNING:storage_block-inl.h(146)] Failed data load.
[1010/142305.151:WARNING:storage_block-inl.h(146)] Failed data load.
[1010/142305.151:WARNING:storage_block-inl.h(146)] Failed data load.
[1010/142305.151:WARNING:storage_block-inl.h(146)] Failed data load.
[1010/142305.151:WARNING:storage_block-inl.h(146)] Failed data load.
[1010/142305.151:WARNING:storage_block-inl.h(146)] Failed data load.
[1010/142305.175:WARNING:storage_block-inl.h(146)] Failed data load.
[1010/142305.190:WARNING:storage_block-inl.h(146)] Failed data load.
[1010/142305.202:WARNING:storage_block-inl.h(146)] Failed data load.
[1010/142305.202:WARNING:storage_block-inl.h(146)] Failed data load.
[1010/142305.202:WARNING:storage_block-inl.h(146)] Failed data load.
[1010/142305.202:WARNING:storage_block-inl.h(146)] Failed data load.
[1010/142305.202:WARNING:storage_block-inl.h(146)] Failed data load.
[1010/142305.216:WARNING:storage_block-inl.h(146)] Failed data load.
[1010/142305.216:WARNING:storage_block-inl.h(146)] Failed data load.
[1010/142305.231:WARNING:storage_block-inl.h(146)] Failed data load.
[1010/142305.232:WARNING:storage_block-inl.h(146)] Failed data load.
[1010/142305.249:WARNING:storage_block-inl.h(146)] Failed data load.
[1010/142305.261:WARNING:storage_block-inl.h(146)] Failed data load.
[1010/142305.279:WARNING:storage_block-inl.h(146)] Failed data load.
[1010/142305.279:WARNING:storage_block-inl.h(146)] Failed data load.
[1010/142305.315:WARNING:storage_block-inl.h(146)] Failed data load.
[1010/142305.323:WARNING:storage_block-inl.h(146)] Failed data load.
[1010/142305.323:WARNING:storage_block-inl.h(146)] Failed data load.
[1010/142305.323:WARNING:storage_block-inl.h(146)] Failed data load.
[1010/142305.323:WARNING:storage_block-inl.h(146)] Failed data load.
[1010/142305.323:WARNING:storage_block-inl.h(146)] Failed data load.
[1010/142305.323:WARNING:storage_block-inl.h(146)] Failed data load.
[1010/142305.323:WARNING:storage_block-inl.h(146)] Failed data load.
[1010/142305.323:WARNING:storage_block-inl.h(146)] Failed data load.
[1010/142305.323:WARNING:storage_block-inl.h(146)] Failed data load.
[1010/142305.323:ERROR:backend_impl.cc(1041)] Critical error found -8
[1010/142305.323:ERROR:entry_impl.cc(998)] Failed to save user data
[1010/142305.323:ERROR:entry_impl.cc(998)] Failed to save user data
[1010/142305.323:ERROR:entry_impl.cc(998)] Failed to save user data
[1010/142305.323:WARNING:storage_block-inl.h(146)] Failed data load.
[1010/142305.334:WARNING:storage_block-inl.h(146)] Failed data load.
[1010/142305.351:WARNING:storage_block-inl.h(146)] Failed data load.
[1010/142305.351:WARNING:storage_block-inl.h(146)] Failed data load.
[1010/142305.360:WARNING:storage_block-inl.h(146)] Failed data load.
[1010/142305.360:ERROR:entry_impl.cc(998)] Failed to save user data
[1010/142305.360:WARNING:storage_block-inl.h(146)] Failed data load.
[1010/142305.361:WARNING:storage_block-inl.h(146)] Failed data load.
[1010/142305.361:WARNING:storage_block-inl.h(146)] Failed data load.
[1010/142305.361:ERROR:entry_impl.cc(998)] Failed to save user data
[1010/142305.361:WARNING:storage_block-inl.h(146)] Failed data load.
[1010/142305.361:ERROR:entry_impl.cc(998)] Failed to save user data
[1010/142305.361:WARNING:storage_block-inl.h(146)] Failed data load.
[1010/142305.361:WARNING:storage_block-inl.h(146)] Failed data load.
[1010/142305.361:WARNING:storage_block-inl.h(146)] Failed data load.
[1010/142305.370:WARNING:storage_block-inl.h(146)] Failed data load.
[1010/142305.385:WARNING:storage_block-inl.h(146)] Failed data load.
[1010/142305.385:ERROR:entry_impl.cc(1076)] No file for c3030094
[1010/142305.385:WARNING:storage_block-inl.h(146)] Failed data load.
[1010/142305.385:WARNING:storage_block-inl.h(146)] Failed data load.
[1010/142305.385:ERROR:entry_impl.cc(1076)] No file for c303008c
[1010/142305.385:WARNING:storage_block-inl.h(146)] Failed data load.
[1010/142305.396:WARNING:storage_block-inl.h(146)] Failed data load.
[1010/142305.414:WARNING:storage_block-inl.h(146)] Failed data load.
[1010/142305.414:WARNING:storage_block-inl.h(146)] Failed data load.
[1010/142305.414:ERROR:entry_impl.cc(1076)] No file for c2030614
[1010/142305.414:WARNING:storage_block-inl.h(146)] Failed data load.
[1010/142305.414:WARNING:storage_block-inl.h(146)] Failed data load.
[1010/142305.414:ERROR:entry_impl.cc(1076)] No file for c3030618
[1010/142305.414:WARNING:storage_block-inl.h(146)] Failed data load.
[1010/142305.414:WARNING:storage_block-inl.h(146)] Failed data load.
[1010/142305.414:WARNING:storage_block-inl.h(146)] Failed data load.
[1010/142305.414:WARNING:storage_block-inl.h(146)] Failed data load.
[1010/142305.414:ERROR:entry_impl.cc(998)] Failed to save user data
[1010/142305.414:ERROR:entry_impl.cc(998)] Failed to save user data
[1010/142305.414:ERROR:entry_impl.cc(998)] Failed to save user data
[1010/142305.414:ERROR:entry_impl.cc(998)] Failed to save user data
[1010/142305.414:WARNING:storage_block-inl.h(146)] Failed data load.
[1010/142305.415:WARNING:storage_block-inl.h(146)] Failed data load.
[1010/142305.415:WARNING:storage_block-inl.h(146)] Failed data load.
[1010/142305.415:WARNING:storage_block-inl.h(146)] Failed data load.
[1010/142305.415:ERROR:entry_impl.cc(998)] Failed to save user data
[1010/142305.415:WARNING:storage_block-inl.h(146)] Failed data load.
[1010/142305.415:WARNING:storage_block-inl.h(146)] Failed data load.
[1010/142305.415:WARNING:storage_block-inl.h(146)] Failed data load.
[1010/142305.415:WARNING:storage_block-inl.h(146)] Failed data load.
[1010/142305.415:WARNING:storage_block-inl.h(146)] Failed data load.
[1010/142305.415:WARNING:storage_block-inl.h(146)] Failed data load.
[1010/142305.415:ERROR:entry_impl.cc(998)] Failed to save user data
[1010/142305.415:ERROR:entry_impl.cc(998)] Failed to save user data
[1010/142305.416:WARNING:storage_block-inl.h(146)] Failed data load.
[1010/142305.416:ERROR:entry_impl.cc(998)] Failed to save user data
[1010/142305.416:ERROR:entry_impl.cc(998)] Failed to save user data
[1010/142305.416:ERROR:entry_impl.cc(998)] Failed to save user data
[1010/142305.416:WARNING:storage_block-inl.h(146)] Failed data load.
[1010/142305.416:WARNING:storage_block-inl.h(146)] Failed data load.
[1010/142305.416:ERROR:entry_impl.cc(998)] Failed to save user data
[1010/142305.416:WARNING:storage_block-inl.h(146)] Failed data load.
[1010/142305.416:ERROR:entry_impl.cc(998)] Failed to save user data
[1010/142305.416:ERROR:entry_impl.cc(998)] Failed to save user data
[1010/142305.416:ERROR:entry_impl.cc(998)] Failed to save user data
[1010/142305.416:ERROR:entry_impl.cc(998)] Failed to save user data
[1010/142305.431:WARNING:storage_block-inl.h(146)] Failed data load.
[1010/142305.432:ERROR:entry_impl.cc(998)] Failed to save user data
[1010/142501.250:ERROR:audio_rtp_receiver.cc(89)] AudioRtpReceiver::OnSetVolume: No audio channel exists.
[1010/142501.250:WARNING:used_ids.h(55)] Duplicate id found. Reassigning from 104 to 127
[1010/142501.250:WARNING:used_ids.h(55)] Duplicate id found. Reassigning from 103 to 125
[1010/142501.250:WARNING:used_ids.h(55)] Duplicate id found. Reassigning from 1 to 14
[1010/142501.250:WARNING:used_ids.h(55)] Duplicate id found. Reassigning from 3 to 13
[1010/142501.250:WARNING:used_ids.h(55)] Duplicate id found. Reassigning from 5 to 12
[1010/142501.250:WARNING:used_ids.h(55)] Duplicate id found. Reassigning from 6 to 11
[1010/142521.729:ERROR:audio_rtp_receiver.cc(89)] AudioRtpReceiver::OnSetVolume: No audio channel exists.
[1010/142521.729:WARNING:used_ids.h(55)] Duplicate id found. Reassigning from 104 to 127
[1010/142521.729:WARNING:used_ids.h(55)] Duplicate id found. Reassigning from 102 to 125
[1010/142521.729:WARNING:used_ids.h(55)] Duplicate id found. Reassigning from 104 to 124
[1010/142521.729:WARNING:used_ids.h(55)] Duplicate id found. Reassigning from 106 to 123
[1010/142521.729:WARNING:used_ids.h(55)] Duplicate id found. Reassigning from 103 to 122
[1010/142521.729:WARNING:used_ids.h(55)] Duplicate id found. Reassigning from 105 to 121
[1010/142521.729:WARNING:used_ids.h(55)] Duplicate id found. Reassigning from 109 to 120
[1010/142521.729:WARNING:used_ids.h(55)] Duplicate id found. Reassigning from 1 to 14
[1010/142521.729:WARNING:used_ids.h(55)] Duplicate id found. Reassigning from 3 to 13
[1010/142521.729:WARNING:used_ids.h(55)] Duplicate id found. Reassigning from 5 to 12
[1010/142521.729:WARNING:used_ids.h(55)] Duplicate id found. Reassigning from 6 to 11
[1010/142931.874:WARNING:used_ids.h(55)] Duplicate id found. Reassigning from 104 to 127
[1010/142931.874:WARNING:used_ids.h(55)] Duplicate id found. Reassigning from 102 to 125
[1010/142931.874:WARNING:used_ids.h(55)] Duplicate id found. Reassigning from 104 to 124
[1010/142931.874:WARNING:used_ids.h(55)] Duplicate id found. Reassigning from 106 to 123
[1010/142931.874:WARNING:used_ids.h(55)] Duplicate id found. Reassigning from 103 to 122
[1010/142931.874:WARNING:used_ids.h(55)] Duplicate id found. Reassigning from 105 to 121
[1010/142931.874:WARNING:used_ids.h(55)] Duplicate id found. Reassigning from 109 to 120
[1010/142931.874:WARNING:used_ids.h(55)] Duplicate id found. Reassigning from 1 to 14
[1010/142931.874:WARNING:used_ids.h(55)] Duplicate id found. Reassigning from 3 to 13
[1010/142931.874:WARNING:used_ids.h(55)] Duplicate id found. Reassigning from 5 to 12
[1010/142931.874:WARNING:used_ids.h(55)] Duplicate id found. Reassigning from 6 to 11
[1010/142931.875:ERROR:audio_rtp_receiver.cc(89)] AudioRtpReceiver::OnSetVolume: No audio channel exists.
[1010/142932.414:ERROR:audio_rtp_receiver.cc(89)] AudioRtpReceiver::OnSetVolume: No audio channel exists.
[1010/142932.415:WARNING:used_ids.h(55)] Duplicate id found. Reassigning from 104 to 127
[1010/142932.415:WARNING:used_ids.h(55)] Duplicate id found. Reassigning from 102 to 125
[1010/142932.415:WARNING:used_ids.h(55)] Duplicate id found. Reassigning from 104 to 124
[1010/142932.415:WARNING:used_ids.h(55)] Duplicate id found. Reassigning from 106 to 123
[1010/142932.415:WARNING:used_ids.h(55)] Duplicate id found. Reassigning from 103 to 122
[1010/142932.415:WARNING:used_ids.h(55)] Duplicate id found. Reassigning from 105 to 121
[1010/142932.415:WARNING:used_ids.h(55)] Duplicate id found. Reassigning from 109 to 120
[1010/142932.415:WARNING:used_ids.h(55)] Duplicate id found. Reassigning from 1 to 14
[1010/142932.415:WARNING:used_ids.h(55)] Duplicate id found. Reassigning from 3 to 13
[1010/142932.415:WARNING:used_ids.h(55)] Duplicate id found. Reassigning from 5 to 12
[1010/142932.415:WARNING:used_ids.h(55)] Duplicate id found. Reassigning from 6 to 11
[1010/143001.086:ERROR:batching_media_log.cc(38)] MediaEvent: {"error":"FFmpegDemuxer: no supported streams"}
[1010/143001.086:ERROR:batching_media_log.cc(35)] MediaEvent: {"pipeline_error":14}
[1010/143001.765:ERROR:batching_media_log.cc(38)] MediaEvent: {"error":"FFmpegDemuxer: no supported streams"}
[1010/143001.765:ERROR:batching_media_log.cc(35)] MediaEvent: {"pipeline_error":14}
[1010/143625.756:WARNING:ipc_message_attachment_set.cc(49)] MessageAttachmentSet destroyed with unconsumed attachments: 0/1
